Arguments: 
  C:\Program Files\nodejs\node.exe C:\Users\Marina\AppData\Roaming\npm\node_modules\yarn\bin\yarn.js add node:http

PATH: 
  C:\Python312\Scripts\;C:\Python312\;C:\Windows\system32;C:\Windows;C:\Windows\System32\Wbem;C:\Windows\System32\WindowsPowerShell\v1.0\;C:\Windows\System32\OpenSSH\;C:\Program Files\Git\cmd;C:\Program Files\Docker\Docker\resources\bin;C:\ProgramData\DockerDesktop\version-bin;C:\Program Files\WireGuard\;C:\Program Files\nodejs\;C:\ProgramData\chocolatey\bin;C:\Users\Marina\AppData\Local\Microsoft\WindowsApps;C:\Users\Marina\AppData\Local\Programs\Microsoft VS Code\bin;C:\Users\Marina\AppData\Local\JetBrains\WebStorm 2023.3\bin;;C:\Users\Marina\AppData\Roaming\npm

Yarn version: 
  1.22.19

Node version: 
  20.15.0

Platform: 
  win32 x64

Trace: 
  Error: https://registry.yarnpkg.com/node:http: Not found
      at params.callback [as _callback] (C:\Users\Marina\AppData\Roaming\npm\node_modules\yarn\lib\cli.js:66145:18)
      at self.callback (C:\Users\Marina\AppData\Roaming\npm\node_modules\yarn\lib\cli.js:140890:22)
      at Request.emit (node:events:519:28)
      at Request.<anonymous> (C:\Users\Marina\AppData\Roaming\npm\node_modules\yarn\lib\cli.js:141862:10)
      at Request.emit (node:events:519:28)
      at IncomingMessage.<anonymous> (C:\Users\Marina\AppData\Roaming\npm\node_modules\yarn\lib\cli.js:141784:12)
      at Object.onceWrapper (node:events:633:28)
      at IncomingMessage.emit (node:events:531:35)
      at endReadableNT (node:internal/streams/readable:1696:12)
      at process.processTicksAndRejections (node:internal/process/task_queues:82:21)

npm manifest: 
  {
    "name": "websocket_chat_back",
    "version": "1.0.0",
    "description": "",
    "main": "app.js",
    "type": "module",
    "scripts": {
      "test": "echo \"Error: no test specified\" && exit 1",
      "start-dev": "nodemon --inspect dist/app.js",
      "watch-dev": "tsc -w",
      "build": "tsc",
      "start": "node dist/app.js"
    },
    "dependencies": {
      "@types/express": "^4.17.21",
      "@types/node": "^12.20.55",
      "@types/socket.io": "^3.0.2",
      "express": "^4.19.2",
      "nodemon": "^1.19.1",
      "socket.io": "^4.7.5",
      "typescript": "^3.5.2"
    },
    "author": "",
    "license": "ISC",
    "devDependencies": {
      "@babel/cli": "^7.24.7",
      "@babel/core": "^7.24.7",
      "@babel/preset-env": "^7.24.7"
    }
  }

yarn manifest: 
  No manifest

Lockfile: 
  No lockfile
